2017-05-30 00:04:44.798 [main] INFO  com.myspringboot.Application - Starting Application on dzn with PID 1071 (/Applications/workspace/springboot_op/target/classes started by snailfast in /Applications/workspace/springboot_op)
2017-05-30 00:04:44.802 [main] INFO  com.myspringboot.Application - No active profile set, falling back to default profiles: default
2017-05-30 00:04:44.860 [main] INFO  o.s.b.c.e.AnnotationConfigEmbeddedWebApplicationContext - Refreshing org.springframework.boot.context.embedded.AnnotationConfigEmbeddedWebApplicationContext@446293d: startup date [Tue May 30 00:04:44 CST 2017]; root of context hierarchy
2017-05-30 00:04:44.999 [background-preinit] INFO  org.hibernate.validator.internal.util.Version - HV000001: Hibernate Validator 5.2.5.Final
2017-05-30 00:04:45.764 [main] INFO  o.s.d.r.config.RepositoryConfigurationDelegate - Multiple Spring Data modules found, entering strict repository configuration mode!
2017-05-30 00:04:45.822 [main] INFO  o.s.d.r.config.RepositoryConfigurationDelegate - Multiple Spring Data modules found, entering strict repository configuration mode!
2017-05-30 00:04:45.838 [main] INFO  o.s.d.r.c.RepositoryConfigurationExtensionSupport - Spring Data Redis - Could not safely identify store assignment for repository candidate interface com.myspringboot.repository.UserRepository.
2017-05-30 00:04:45.839 [main] INFO  o.s.d.r.c.RepositoryConfigurationExtensionSupport - Spring Data Redis - Could not safely identify store assignment for repository candidate interface com.myspringboot.repository.LoggerRepository.
2017-05-30 00:04:46.497 [main] INFO  o.s.b.c.e.tomcat.TomcatEmbeddedServletContainer - Tomcat initialized with port(s): 8080 (http)
2017-05-30 00:04:46.507 [main] INFO  org.apache.catalina.core.StandardService - Starting service Tomcat
2017-05-30 00:04:46.508 [main] INFO  org.apache.catalina.core.StandardEngine - Starting Servlet Engine: Apache Tomcat/8.5.13
2017-05-30 00:04:46.581 [localhost-startStop-1] INFO  o.a.c.core.ContainerBase.[Tomcat].[localhost].[/] - Initializing Spring embedded WebApplicationContext
2017-05-30 00:04:46.581 [localhost-startStop-1] INFO  org.springframework.web.context.ContextLoader - Root WebApplicationContext: initialization completed in 1721 ms
2017-05-30 00:04:46.707 [localhost-startStop-1] INFO  o.s.boot.web.servlet.ServletRegistrationBean - Mapping servlet: 'statViewServlet' to [/druid/*]
2017-05-30 00:04:46.708 [localhost-startStop-1] INFO  o.s.boot.web.servlet.ServletRegistrationBean - Mapping servlet: 'dispatcherServlet' to [/]
2017-05-30 00:04:46.709 [localhost-startStop-1] INFO  o.s.boot.web.servlet.ServletRegistrationBean - Mapping servlet: 'com.myspringboot.servlet.MyServlet' to [/myservlet]
2017-05-30 00:04:46.711 [localhost-startStop-1] INFO  o.s.boot.web.servlet.FilterRegistrationBean - Mapping filter: 'characterEncodingFilter' to: [/*]
2017-05-30 00:04:46.712 [localhost-startStop-1] INFO  o.s.boot.web.servlet.FilterRegistrationBean - Mapping filter: 'hiddenHttpMethodFilter' to: [/*]
2017-05-30 00:04:46.712 [localhost-startStop-1] INFO  o.s.boot.web.servlet.FilterRegistrationBean - Mapping filter: 'httpPutFormContentFilter' to: [/*]
2017-05-30 00:04:46.712 [localhost-startStop-1] INFO  o.s.boot.web.servlet.FilterRegistrationBean - Mapping filter: 'requestContextFilter' to: [/*]
2017-05-30 00:04:46.712 [localhost-startStop-1] INFO  o.s.boot.web.servlet.FilterRegistrationBean - Mapping filter: 'webStatFilter' to urls: [/*]
2017-05-30 00:04:46.914 [main] INFO  com.alibaba.druid.pool.DruidDataSource - {dataSource-1} inited
2017-05-30 00:04:47.147 [main] INFO  o.s.orm.jpa.LocalContainerEntityManagerFactoryBean - Building JPA container EntityManagerFactory for persistence unit 'default'
2017-05-30 00:04:47.160 [main] INFO  org.hibernate.jpa.internal.util.LogHelper - HHH000204: Processing PersistenceUnitInfo [
	name: default
	...]
2017-05-30 00:04:47.282 [main] INFO  org.hibernate.Version - HHH000412: Hibernate Core {5.0.12.Final}
2017-05-30 00:04:47.283 [main] INFO  org.hibernate.cfg.Environment - HHH000206: hibernate.properties not found
2017-05-30 00:04:47.285 [main] INFO  org.hibernate.cfg.Environment - HHH000021: Bytecode provider name : javassist
2017-05-30 00:04:47.319 [main] INFO  org.hibernate.annotations.common.Version - HCANN000001: Hibernate Commons Annotations {5.0.1.Final}
2017-05-30 00:04:47.409 [main] INFO  org.hibernate.dialect.Dialect - HHH000400: Using dialect: org.hibernate.dialect.MySQL5Dialect
2017-05-30 00:04:47.769 [main] INFO  o.s.orm.jpa.LocalContainerEntityManagerFactoryBean - Initialized JPA EntityManagerFactory for persistence unit 'default'
2017-05-30 00:04:48.324 [main] INFO  o.s.w.s.m.m.a.RequestMappingHandlerAdapter - Looking for @ControllerAdvice: org.springframework.boot.context.embedded.AnnotationConfigEmbeddedWebApplicationContext@446293d: startup date [Tue May 30 00:04:44 CST 2017]; root of context hierarchy
2017-05-30 00:04:48.385 [main] INFO  o.s.w.s.m.m.a.RequestMappingHandlerMapping - Mapped "{[/logtest]}" onto public java.lang.String com.myspringboot.web.LoggerController.loggerTest(java.lang.String)
2017-05-30 00:04:48.386 [main] INFO  o.s.w.s.m.m.a.RequestMappingHandlerMapping - Mapped "{[/curpage]}" onto public java.util.List<com.myspringboot.entity.UserEntity> com.myspringboot.web.UserController.curPage(int)
2017-05-30 00:04:48.387 [main] INFO  o.s.w.s.m.m.a.RequestMappingHandlerMapping - Mapped "{[/finduserbyname]}" onto public java.util.List<com.myspringboot.entity.UserEntity> com.myspringboot.web.UserController.findUserByName(java.lang.String)
2017-05-30 00:04:48.387 [main] INFO  o.s.w.s.m.m.a.RequestMappingHandlerMapping - Mapped "{[/userlist]}" onto public java.util.List<com.myspringboot.entity.UserEntity> com.myspringboot.web.UserController.userList()
2017-05-30 00:04:48.387 [main] INFO  o.s.w.s.m.m.a.RequestMappingHandlerMapping - Mapped "{[/deleteUserById]}" onto public void com.myspringboot.web.UserController.deleteUser(java.lang.String)
2017-05-30 00:04:48.389 [main] INFO  o.s.w.s.m.m.a.RequestMappingHandlerMapping - Mapped "{[/error]}" onto public org.springframework.http.ResponseEntity<java.util.Map<java.lang.String, java.lang.Object>> org.springframework.boot.autoconfigure.web.BasicErrorController.error(javax.servlet.http.HttpServletRequest)
2017-05-30 00:04:48.389 [main] INFO  o.s.w.s.m.m.a.RequestMappingHandlerMapping - Mapped "{[/error],produces=[text/html]}" onto public org.springframework.web.servlet.ModelAndView org.springframework.boot.autoconfigure.web.BasicErrorController.errorHtml(javax.servlet.http.HttpServletRequest,javax.servlet.http.HttpServletResponse)
2017-05-30 00:04:48.417 [main] INFO  o.s.web.servlet.handler.SimpleUrlHandlerMapping - Mapped URL path [/mystatic/**] onto handler of type [class org.springframework.web.servlet.resource.ResourceHttpRequestHandler]
2017-05-30 00:04:48.417 [main] INFO  o.s.web.servlet.handler.SimpleUrlHandlerMapping - Mapped URL path [/webjars/**] onto handler of type [class org.springframework.web.servlet.resource.ResourceHttpRequestHandler]
2017-05-30 00:04:48.417 [main] INFO  o.s.web.servlet.handler.SimpleUrlHandlerMapping - Mapped URL path [/**] onto handler of type [class org.springframework.web.servlet.resource.ResourceHttpRequestHandler]
2017-05-30 00:04:48.433 [main] INFO  o.s.w.s.m.m.a.ExceptionHandlerExceptionResolver - Detected @ExceptionHandler methods in restExceptionHandler
2017-05-30 00:04:48.461 [main] INFO  o.s.web.servlet.handler.SimpleUrlHandlerMapping - Mapped URL path [/**/favicon.ico] onto handler of type [class org.springframework.web.servlet.resource.ResourceHttpRequestHandler]
2017-05-30 00:04:48.697 [main] WARN  o.s.b.s.r.RedisStarterDeprecationWarningAutoConfiguration - spring-boot-starter-redis is deprecated as of Spring Boot 1.4, please migrate to spring-boot-starter-data-redis
2017-05-30 00:04:48.733 [main] INFO  o.s.jmx.export.annotation.AnnotationMBeanExporter - Registering beans for JMX exposure on startup
2017-05-30 00:04:48.735 [main] INFO  o.s.jmx.export.annotation.AnnotationMBeanExporter - Bean with name 'dataSource' has been autodetected for JMX exposure
2017-05-30 00:04:48.738 [main] INFO  o.s.jmx.export.annotation.AnnotationMBeanExporter - Located MBean 'dataSource': registering with JMX server as MBean [com.alibaba.druid.pool:name=dataSource,type=DruidDataSource]
2017-05-30 00:04:48.747 [main] INFO  org.apache.coyote.http11.Http11NioProtocol - Initializing ProtocolHandler ["http-nio-8080"]
2017-05-30 00:04:48.758 [main] INFO  org.apache.coyote.http11.Http11NioProtocol - Starting ProtocolHandler ["http-nio-8080"]
2017-05-30 00:04:48.774 [main] INFO  org.apache.tomcat.util.net.NioSelectorPool - Using a shared selector for servlet write/read
2017-05-30 00:04:48.787 [main] INFO  o.s.b.c.e.tomcat.TomcatEmbeddedServletContainer - Tomcat started on port(s): 8080 (http)
2017-05-30 00:04:48.790 [main] INFO  com.myspringboot.Application - Started Application in 4.348 seconds (JVM running for 4.751)
2017-05-30 00:04:58.825 [http-nio-8080-exec-1] INFO  o.a.c.core.ContainerBase.[Tomcat].[localhost].[/] - Initializing Spring FrameworkServlet 'dispatcherServlet'
2017-05-30 00:04:58.825 [http-nio-8080-exec-1] INFO  org.springframework.web.servlet.DispatcherServlet - FrameworkServlet 'dispatcherServlet': initialization started
2017-05-30 00:04:58.840 [http-nio-8080-exec-1] INFO  org.springframework.web.servlet.DispatcherServlet - FrameworkServlet 'dispatcherServlet': initialization completed in 14 ms
2017-05-30 00:07:14.010 [Thread-4] INFO  o.s.b.c.e.AnnotationConfigEmbeddedWebApplicationContext - Closing org.springframework.boot.context.embedded.AnnotationConfigEmbeddedWebApplicationContext@446293d: startup date [Tue May 30 00:04:44 CST 2017]; root of context hierarchy
2017-05-30 00:07:14.013 [Thread-4] INFO  o.s.jmx.export.annotation.AnnotationMBeanExporter - Unregistering JMX-exposed beans on shutdown
2017-05-30 00:07:14.013 [Thread-4] INFO  o.s.jmx.export.annotation.AnnotationMBeanExporter - Unregistering JMX-exposed beans
2017-05-30 00:07:14.015 [Thread-4] INFO  o.s.orm.jpa.LocalContainerEntityManagerFactoryBean - Closing JPA EntityManagerFactory for persistence unit 'default'
2017-05-30 00:07:14.017 [Thread-4] INFO  com.alibaba.druid.pool.DruidDataSource - {dataSource-1} closed
2017-05-30 00:09:13.259 [main] INFO  com.myspringboot.Application - Starting Application on dzn with PID 1072 (/Applications/workspace/springboot_op/target/classes started by snailfast in /Applications/workspace/springboot_op)
2017-05-30 00:09:13.268 [main] INFO  com.myspringboot.Application - No active profile set, falling back to default profiles: default
2017-05-30 00:09:13.362 [main] INFO  o.s.b.c.e.AnnotationConfigEmbeddedWebApplicationContext - Refreshing org.springframework.boot.context.embedded.AnnotationConfigEmbeddedWebApplicationContext@446293d: startup date [Tue May 30 00:09:13 CST 2017]; root of context hierarchy
2017-05-30 00:09:13.450 [background-preinit] INFO  org.hibernate.validator.internal.util.Version - HV000001: Hibernate Validator 5.2.5.Final
2017-05-30 00:09:14.245 [main] INFO  o.s.d.r.config.RepositoryConfigurationDelegate - Multiple Spring Data modules found, entering strict repository configuration mode!
2017-05-30 00:09:14.301 [main] INFO  o.s.d.r.config.RepositoryConfigurationDelegate - Multiple Spring Data modules found, entering strict repository configuration mode!
2017-05-30 00:09:14.317 [main] INFO  o.s.d.r.c.RepositoryConfigurationExtensionSupport - Spring Data Redis - Could not safely identify store assignment for repository candidate interface com.myspringboot.repository.UserRepository.
2017-05-30 00:09:14.318 [main] INFO  o.s.d.r.c.RepositoryConfigurationExtensionSupport - Spring Data Redis - Could not safely identify store assignment for repository candidate interface com.myspringboot.repository.LoggerRepository.
2017-05-30 00:09:14.969 [main] INFO  o.s.b.c.e.tomcat.TomcatEmbeddedServletContainer - Tomcat initialized with port(s): 8080 (http)
2017-05-30 00:09:14.980 [main] INFO  org.apache.catalina.core.StandardService - Starting service Tomcat
2017-05-30 00:09:14.980 [main] INFO  org.apache.catalina.core.StandardEngine - Starting Servlet Engine: Apache Tomcat/8.5.13
2017-05-30 00:09:15.068 [localhost-startStop-1] INFO  o.a.c.core.ContainerBase.[Tomcat].[localhost].[/] - Initializing Spring embedded WebApplicationContext
2017-05-30 00:09:15.068 [localhost-startStop-1] INFO  org.springframework.web.context.ContextLoader - Root WebApplicationContext: initialization completed in 1707 ms
2017-05-30 00:09:15.233 [localhost-startStop-1] INFO  o.s.boot.web.servlet.ServletRegistrationBean - Mapping servlet: 'statViewServlet' to [/druid/*]
2017-05-30 00:09:15.234 [localhost-startStop-1] INFO  o.s.boot.web.servlet.ServletRegistrationBean - Mapping servlet: 'dispatcherServlet' to [/]
2017-05-30 00:09:15.235 [localhost-startStop-1] INFO  o.s.boot.web.servlet.ServletRegistrationBean - Mapping servlet: 'com.myspringboot.servlet.MyServlet' to [/myservlet]
2017-05-30 00:09:15.237 [localhost-startStop-1] INFO  o.s.boot.web.servlet.FilterRegistrationBean - Mapping filter: 'characterEncodingFilter' to: [/*]
2017-05-30 00:09:15.238 [localhost-startStop-1] INFO  o.s.boot.web.servlet.FilterRegistrationBean - Mapping filter: 'hiddenHttpMethodFilter' to: [/*]
2017-05-30 00:09:15.238 [localhost-startStop-1] INFO  o.s.boot.web.servlet.FilterRegistrationBean - Mapping filter: 'httpPutFormContentFilter' to: [/*]
2017-05-30 00:09:15.238 [localhost-startStop-1] INFO  o.s.boot.web.servlet.FilterRegistrationBean - Mapping filter: 'requestContextFilter' to: [/*]
2017-05-30 00:09:15.238 [localhost-startStop-1] INFO  o.s.boot.web.servlet.FilterRegistrationBean - Mapping filter: 'webStatFilter' to urls: [/*]
2017-05-30 00:09:15.420 [main] INFO  com.alibaba.druid.pool.DruidDataSource - {dataSource-1} inited
2017-05-30 00:09:15.642 [main] INFO  o.s.orm.jpa.LocalContainerEntityManagerFactoryBean - Building JPA container EntityManagerFactory for persistence unit 'default'
2017-05-30 00:09:15.713 [main] INFO  org.hibernate.jpa.internal.util.LogHelper - HHH000204: Processing PersistenceUnitInfo [
	name: default
	...]
2017-05-30 00:09:15.768 [main] INFO  org.hibernate.Version - HHH000412: Hibernate Core {5.0.12.Final}
2017-05-30 00:09:15.769 [main] INFO  org.hibernate.cfg.Environment - HHH000206: hibernate.properties not found
2017-05-30 00:09:15.771 [main] INFO  org.hibernate.cfg.Environment - HHH000021: Bytecode provider name : javassist
2017-05-30 00:09:15.806 [main] INFO  org.hibernate.annotations.common.Version - HCANN000001: Hibernate Commons Annotations {5.0.1.Final}
2017-05-30 00:09:15.903 [main] INFO  org.hibernate.dialect.Dialect - HHH000400: Using dialect: org.hibernate.dialect.MySQL5Dialect
2017-05-30 00:09:16.260 [main] INFO  o.s.orm.jpa.LocalContainerEntityManagerFactoryBean - Initialized JPA EntityManagerFactory for persistence unit 'default'
2017-05-30 00:09:16.806 [main] INFO  o.s.w.s.m.m.a.RequestMappingHandlerAdapter - Looking for @ControllerAdvice: org.springframework.boot.context.embedded.AnnotationConfigEmbeddedWebApplicationContext@446293d: startup date [Tue May 30 00:09:13 CST 2017]; root of context hierarchy
2017-05-30 00:09:16.871 [main] INFO  o.s.w.s.m.m.a.RequestMappingHandlerMapping - Mapped "{[/logtest]}" onto public java.lang.String com.myspringboot.web.LoggerController.loggerTest(java.lang.String)
2017-05-30 00:09:16.873 [main] INFO  o.s.w.s.m.m.a.RequestMappingHandlerMapping - Mapped "{[/curpage]}" onto public java.util.List<com.myspringboot.entity.UserEntity> com.myspringboot.web.UserController.curPage(int)
2017-05-30 00:09:16.873 [main] INFO  o.s.w.s.m.m.a.RequestMappingHandlerMapping - Mapped "{[/userlist]}" onto public java.util.List<com.myspringboot.entity.UserEntity> com.myspringboot.web.UserController.userList() throws java.lang.Exception
2017-05-30 00:09:16.873 [main] INFO  o.s.w.s.m.m.a.RequestMappingHandlerMapping - Mapped "{[/finduserbyname]}" onto public java.util.List<com.myspringboot.entity.UserEntity> com.myspringboot.web.UserController.findUserByName(java.lang.String)
2017-05-30 00:09:16.873 [main] INFO  o.s.w.s.m.m.a.RequestMappingHandlerMapping - Mapped "{[/deleteUserById]}" onto public void com.myspringboot.web.UserController.deleteUser(java.lang.String)
2017-05-30 00:09:16.874 [main] INFO  o.s.w.s.m.m.a.RequestMappingHandlerMapping - Mapped "{[/error]}" onto public org.springframework.http.ResponseEntity<java.util.Map<java.lang.String, java.lang.Object>> org.springframework.boot.autoconfigure.web.BasicErrorController.error(javax.servlet.http.HttpServletRequest)
2017-05-30 00:09:16.875 [main] INFO  o.s.w.s.m.m.a.RequestMappingHandlerMapping - Mapped "{[/error],produces=[text/html]}" onto public org.springframework.web.servlet.ModelAndView org.springframework.boot.autoconfigure.web.BasicErrorController.errorHtml(javax.servlet.http.HttpServletRequest,javax.servlet.http.HttpServletResponse)
2017-05-30 00:09:16.901 [main] INFO  o.s.web.servlet.handler.SimpleUrlHandlerMapping - Mapped URL path [/mystatic/**] onto handler of type [class org.springframework.web.servlet.resource.ResourceHttpRequestHandler]
2017-05-30 00:09:16.901 [main] INFO  o.s.web.servlet.handler.SimpleUrlHandlerMapping - Mapped URL path [/webjars/**] onto handler of type [class org.springframework.web.servlet.resource.ResourceHttpRequestHandler]
2017-05-30 00:09:16.901 [main] INFO  o.s.web.servlet.handler.SimpleUrlHandlerMapping - Mapped URL path [/**] onto handler of type [class org.springframework.web.servlet.resource.ResourceHttpRequestHandler]
2017-05-30 00:09:16.916 [main] INFO  o.s.w.s.m.m.a.ExceptionHandlerExceptionResolver - Detected @ExceptionHandler methods in restExceptionHandler
2017-05-30 00:09:16.940 [main] INFO  o.s.web.servlet.handler.SimpleUrlHandlerMapping - Mapped URL path [/**/favicon.ico] onto handler of type [class org.springframework.web.servlet.resource.ResourceHttpRequestHandler]
2017-05-30 00:09:17.169 [main] WARN  o.s.b.s.r.RedisStarterDeprecationWarningAutoConfiguration - spring-boot-starter-redis is deprecated as of Spring Boot 1.4, please migrate to spring-boot-starter-data-redis
2017-05-30 00:09:17.205 [main] INFO  o.s.jmx.export.annotation.AnnotationMBeanExporter - Registering beans for JMX exposure on startup
2017-05-30 00:09:17.206 [main] INFO  o.s.jmx.export.annotation.AnnotationMBeanExporter - Bean with name 'dataSource' has been autodetected for JMX exposure
2017-05-30 00:09:17.210 [main] INFO  o.s.jmx.export.annotation.AnnotationMBeanExporter - Located MBean 'dataSource': registering with JMX server as MBean [com.alibaba.druid.pool:name=dataSource,type=DruidDataSource]
2017-05-30 00:09:17.219 [main] INFO  org.apache.coyote.http11.Http11NioProtocol - Initializing ProtocolHandler ["http-nio-8080"]
2017-05-30 00:09:17.229 [main] INFO  org.apache.coyote.http11.Http11NioProtocol - Starting ProtocolHandler ["http-nio-8080"]
2017-05-30 00:09:17.243 [main] INFO  org.apache.tomcat.util.net.NioSelectorPool - Using a shared selector for servlet write/read
2017-05-30 00:09:17.257 [main] INFO  o.s.b.c.e.tomcat.TomcatEmbeddedServletContainer - Tomcat started on port(s): 8080 (http)
2017-05-30 00:09:17.261 [main] INFO  com.myspringboot.Application - Started Application in 4.347 seconds (JVM running for 4.721)
2017-05-30 00:09:22.740 [http-nio-8080-exec-1] INFO  o.a.c.core.ContainerBase.[Tomcat].[localhost].[/] - Initializing Spring FrameworkServlet 'dispatcherServlet'
2017-05-30 00:09:22.740 [http-nio-8080-exec-1] INFO  org.springframework.web.servlet.DispatcherServlet - FrameworkServlet 'dispatcherServlet': initialization started
2017-05-30 00:09:22.752 [http-nio-8080-exec-1] INFO  org.springframework.web.servlet.DispatcherServlet - FrameworkServlet 'dispatcherServlet': initialization completed in 12 ms
2017-05-30 00:09:22.892 [http-nio-8080-exec-1] INFO  o.h.hql.internal.QueryTranslatorFactoryInitiator - HHH000397: Using ASTQueryTranslatorFactory
2017-05-30 00:09:23.074 [http-nio-8080-exec-1] INFO  com.myspringboot.web.UserController - info : users : [{name= + zhangsan0002, gender= M, phone= 454345, , address= sfsdfsd}, {name= + zhangsan0003, gender= M, phone= 454345, , address= sfsdfsd}, {name= + zhangsan0004, gender= M, phone= 454345, , address= sfsdfsd}, {name= + zhangsan0005, gender= M, phone= 454345, , address= sfsdfsd}, {name= + zhangsan0006, gender= M, phone= 454345, , address= sfsdfsd}, {name= + zhangsan0007, gender= M, phone= 454345, , address= sfsdfsd}, {name= + zhangsan0008, gender= M, phone= 454345, , address= sfsdfsd}, {name= + zhangsan0009, gender= M, phone= 454345, , address= sfsdfsd}, {name= + zhangsan0010, gender= M, phone= 454345, , address= sfsdfsd}, {name= + zhangsan0011, gender= M, phone= 454345, , address= sfsdfsd}, {name= + zhangsan0012, gender= M, phone= 454345, , address= sfsdfsd}, {name= + zhangsan0013, gender= M, phone= 454345, , address= sfsdfsd}, {name= + zhangsan0014, gender= M, phone= 454345, , address= sfsdfsd}, {name= + zhangsan0015, gender= M, phone= 454345, , address= sfsdfsd}, {name= + zhangsan0016, gender= M, phone= 454345, , address= sfsdfsd}, {name= + zhangsan0017, gender= M, phone= 454345, , address= sfsdfsd}, {name= + zhangsan0018, gender= M, phone= 454345, , address= sfsdfsd}, {name= + zhangsan0019, gender= M, phone= 454345, , address= sfsdfsd}, {name= + zhangsan0020, gender= M, phone= 454345, , address= sfsdfsd}, {name= + zhangsan0021, gender= M, phone= 454345, , address= sfsdfsd}, {name= + zhangsan0022, gender= M, phone= 454345, , address= sfsdfsd}]
2017-05-30 00:09:23.075 [http-nio-8080-exec-1] ERROR com.myspringboot.web.UserController - error : users : [{name= + zhangsan0002, gender= M, phone= 454345, , address= sfsdfsd}, {name= + zhangsan0003, gender= M, phone= 454345, , address= sfsdfsd}, {name= + zhangsan0004, gender= M, phone= 454345, , address= sfsdfsd}, {name= + zhangsan0005, gender= M, phone= 454345, , address= sfsdfsd}, {name= + zhangsan0006, gender= M, phone= 454345, , address= sfsdfsd}, {name= + zhangsan0007, gender= M, phone= 454345, , address= sfsdfsd}, {name= + zhangsan0008, gender= M, phone= 454345, , address= sfsdfsd}, {name= + zhangsan0009, gender= M, phone= 454345, , address= sfsdfsd}, {name= + zhangsan0010, gender= M, phone= 454345, , address= sfsdfsd}, {name= + zhangsan0011, gender= M, phone= 454345, , address= sfsdfsd}, {name= + zhangsan0012, gender= M, phone= 454345, , address= sfsdfsd}, {name= + zhangsan0013, gender= M, phone= 454345, , address= sfsdfsd}, {name= + zhangsan0014, gender= M, phone= 454345, , address= sfsdfsd}, {name= + zhangsan0015, gender= M, phone= 454345, , address= sfsdfsd}, {name= + zhangsan0016, gender= M, phone= 454345, , address= sfsdfsd}, {name= + zhangsan0017, gender= M, phone= 454345, , address= sfsdfsd}, {name= + zhangsan0018, gender= M, phone= 454345, , address= sfsdfsd}, {name= + zhangsan0019, gender= M, phone= 454345, , address= sfsdfsd}, {name= + zhangsan0020, gender= M, phone= 454345, , address= sfsdfsd}, {name= + zhangsan0021, gender= M, phone= 454345, , address= sfsdfsd}, {name= + zhangsan0022, gender= M, phone= 454345, , address= sfsdfsd}]
2017-05-30 03:10:03.599 [Thread-4] INFO  o.s.b.c.e.AnnotationConfigEmbeddedWebApplicationContext - Closing org.springframework.boot.context.embedded.AnnotationConfigEmbeddedWebApplicationContext@446293d: startup date [Tue May 30 00:09:13 CST 2017]; root of context hierarchy
2017-05-30 03:10:03.612 [Thread-4] INFO  o.s.jmx.export.annotation.AnnotationMBeanExporter - Unregistering JMX-exposed beans on shutdown
2017-05-30 03:10:03.613 [Thread-4] INFO  o.s.jmx.export.annotation.AnnotationMBeanExporter - Unregistering JMX-exposed beans
2017-05-30 03:10:03.617 [Thread-4] INFO  o.s.orm.jpa.LocalContainerEntityManagerFactoryBean - Closing JPA EntityManagerFactory for persistence unit 'default'
2017-05-30 03:10:03.623 [Thread-4] INFO  com.alibaba.druid.pool.DruidDataSource - {dataSource-1} closed
