2017-06-01 10:11:08.260 [main] INFO  com.myspringboot.Application - Starting Application on BFD-544-PC with PID 48404 (D:\workspace\springboot_op\target\classes started by BFD-544 in D:\workspace\springboot_op)
2017-06-01 10:11:08.263 [main] INFO  com.myspringboot.Application - No active profile set, falling back to default profiles: default
2017-06-01 10:11:08.326 [main] INFO  o.s.b.c.e.AnnotationConfigEmbeddedWebApplicationContext - Refreshing org.springframework.boot.context.embedded.AnnotationConfigEmbeddedWebApplicationContext@4d0f2471: startup date [Thu Jun 01 10:11:08 CST 2017]; root of context hierarchy
2017-06-01 10:11:08.569 [background-preinit] INFO  org.hibernate.validator.internal.util.Version - HV000001: Hibernate Validator 5.2.5.Final
2017-06-01 10:11:09.776 [main] INFO  o.s.d.r.config.RepositoryConfigurationDelegate - Multiple Spring Data modules found, entering strict repository configuration mode!
2017-06-01 10:11:09.861 [main] INFO  o.s.d.r.config.RepositoryConfigurationDelegate - Multiple Spring Data modules found, entering strict repository configuration mode!
2017-06-01 10:11:10.173 [main] INFO  o.s.d.r.config.RepositoryConfigurationDelegate - Multiple Spring Data modules found, entering strict repository configuration mode!
2017-06-01 10:11:10.204 [main] INFO  o.s.d.r.c.RepositoryConfigurationExtensionSupport - Spring Data Redis - Could not safely identify store assignment for repository candidate interface com.myspringboot.repository.book.BookRepository.
2017-06-01 10:11:10.205 [main] INFO  o.s.d.r.c.RepositoryConfigurationExtensionSupport - Spring Data Redis - Could not safely identify store assignment for repository candidate interface com.myspringboot.repository.user.UserRepository.
2017-06-01 10:11:10.207 [main] INFO  o.s.d.r.c.RepositoryConfigurationExtensionSupport - Spring Data Redis - Could not safely identify store assignment for repository candidate interface com.myspringboot.repository.LoggerRepository.
2017-06-01 10:11:11.407 [main] INFO  o.s.b.c.e.tomcat.TomcatEmbeddedServletContainer - Tomcat initialized with port(s): 8080 (http)
2017-06-01 10:11:11.422 [main] INFO  org.apache.catalina.core.StandardService - Starting service Tomcat
2017-06-01 10:11:11.423 [main] INFO  org.apache.catalina.core.StandardEngine - Starting Servlet Engine: Apache Tomcat/8.5.13
2017-06-01 10:11:11.544 [localhost-startStop-1] INFO  o.a.c.core.ContainerBase.[Tomcat].[localhost].[/] - Initializing Spring embedded WebApplicationContext
2017-06-01 10:11:11.544 [localhost-startStop-1] INFO  org.springframework.web.context.ContextLoader - Root WebApplicationContext: initialization completed in 3218 ms
2017-06-01 10:11:11.763 [localhost-startStop-1] INFO  o.s.boot.web.servlet.ServletRegistrationBean - Mapping servlet: 'statViewServlet' to [/druid/*]
2017-06-01 10:11:11.765 [localhost-startStop-1] INFO  o.s.boot.web.servlet.ServletRegistrationBean - Mapping servlet: 'dispatcherServlet' to [/]
2017-06-01 10:11:11.766 [localhost-startStop-1] INFO  o.s.boot.web.servlet.ServletRegistrationBean - Mapping servlet: 'com.myspringboot.servlet.MyServlet' to [/myservlet]
2017-06-01 10:11:11.769 [localhost-startStop-1] INFO  o.s.boot.web.servlet.FilterRegistrationBean - Mapping filter: 'characterEncodingFilter' to: [/*]
2017-06-01 10:11:11.770 [localhost-startStop-1] INFO  o.s.boot.web.servlet.FilterRegistrationBean - Mapping filter: 'hiddenHttpMethodFilter' to: [/*]
2017-06-01 10:11:11.770 [localhost-startStop-1] INFO  o.s.boot.web.servlet.FilterRegistrationBean - Mapping filter: 'httpPutFormContentFilter' to: [/*]
2017-06-01 10:11:11.770 [localhost-startStop-1] INFO  o.s.boot.web.servlet.FilterRegistrationBean - Mapping filter: 'requestContextFilter' to: [/*]
2017-06-01 10:11:11.770 [localhost-startStop-1] INFO  o.s.boot.web.servlet.FilterRegistrationBean - Mapping filter: 'webStatFilter' to urls: [/*]
2017-06-01 10:11:12.109 [main] WARN  org.apache.tomcat.jdbc.pool.ConnectionPool - maxIdle is larger than maxActive, setting maxIdle to: 20
2017-06-01 10:11:12.403 [main] INFO  o.s.orm.jpa.LocalContainerEntityManagerFactoryBean - Building JPA container EntityManagerFactory for persistence unit 'bookPersistenceUnit'
2017-06-01 10:11:12.423 [main] INFO  org.hibernate.jpa.internal.util.LogHelper - HHH000204: Processing PersistenceUnitInfo [
	name: bookPersistenceUnit
	...]
2017-06-01 10:11:12.650 [main] INFO  org.hibernate.Version - HHH000412: Hibernate Core {5.0.12.Final}
2017-06-01 10:11:12.652 [main] INFO  org.hibernate.cfg.Environment - HHH000206: hibernate.properties not found
2017-06-01 10:11:12.653 [main] INFO  org.hibernate.cfg.Environment - HHH000021: Bytecode provider name : javassist
2017-06-01 10:11:12.707 [main] INFO  org.hibernate.annotations.common.Version - HCANN000001: Hibernate Commons Annotations {5.0.1.Final}
2017-06-01 10:11:12.854 [main] INFO  org.hibernate.dialect.Dialect - HHH000400: Using dialect: org.hibernate.dialect.MySQL5Dialect
2017-06-01 10:11:13.414 [main] INFO  o.s.orm.jpa.LocalContainerEntityManagerFactoryBean - Initialized JPA EntityManagerFactory for persistence unit 'bookPersistenceUnit'
2017-06-01 10:11:13.497 [main] WARN  org.apache.tomcat.jdbc.pool.ConnectionPool - maxIdle is larger than maxActive, setting maxIdle to: 20
2017-06-01 10:11:13.517 [main] INFO  o.s.orm.jpa.LocalContainerEntityManagerFactoryBean - Building JPA container EntityManagerFactory for persistence unit 'userPersistenceUnit'
2017-06-01 10:11:13.517 [main] INFO  org.hibernate.jpa.internal.util.LogHelper - HHH000204: Processing PersistenceUnitInfo [
	name: userPersistenceUnit
	...]
2017-06-01 10:11:13.531 [main] INFO  org.hibernate.dialect.Dialect - HHH000400: Using dialect: org.hibernate.dialect.MySQL5Dialect
2017-06-01 10:11:13.578 [main] INFO  o.s.orm.jpa.LocalContainerEntityManagerFactoryBean - Initialized JPA EntityManagerFactory for persistence unit 'userPersistenceUnit'
2017-06-01 10:11:14.466 [main] INFO  o.s.w.s.m.m.a.RequestMappingHandlerAdapter - Looking for @ControllerAdvice: org.springframework.boot.context.embedded.AnnotationConfigEmbeddedWebApplicationContext@4d0f2471: startup date [Thu Jun 01 10:11:08 CST 2017]; root of context hierarchy
2017-06-01 10:11:14.541 [main] INFO  o.s.w.s.m.m.a.RequestMappingHandlerMapping - Mapped "{[/booklist]}" onto public java.util.List<com.myspringboot.entity.BookEntity> com.myspringboot.web.BookController.booklist()
2017-06-01 10:11:14.542 [main] INFO  o.s.w.s.m.m.a.RequestMappingHandlerMapping - Mapped "{[/logtest]}" onto public java.lang.String com.myspringboot.web.LoggerController.loggerTest(java.lang.String)
2017-06-01 10:11:14.543 [main] INFO  o.s.w.s.m.m.a.RequestMappingHandlerMapping - Mapped "{[/finduserbyname]}" onto public java.util.List<com.myspringboot.entity.UserEntity> com.myspringboot.web.UserController.findUserByName(java.lang.String)
2017-06-01 10:11:14.544 [main] INFO  o.s.w.s.m.m.a.RequestMappingHandlerMapping - Mapped "{[/curpage]}" onto public java.util.List<com.myspringboot.entity.UserEntity> com.myspringboot.web.UserController.curPage(int)
2017-06-01 10:11:14.544 [main] INFO  o.s.w.s.m.m.a.RequestMappingHandlerMapping - Mapped "{[/userlist]}" onto public java.util.List<com.myspringboot.entity.UserEntity> com.myspringboot.web.UserController.userList()
2017-06-01 10:11:14.544 [main] INFO  o.s.w.s.m.m.a.RequestMappingHandlerMapping - Mapped "{[/deleteUserById]}" onto public void com.myspringboot.web.UserController.deleteUser(java.lang.String)
2017-06-01 10:11:14.547 [main] INFO  o.s.w.s.m.m.a.RequestMappingHandlerMapping - Mapped "{[/error]}" onto public org.springframework.http.ResponseEntity<java.util.Map<java.lang.String, java.lang.Object>> org.springframework.boot.autoconfigure.web.BasicErrorController.error(javax.servlet.http.HttpServletRequest)
2017-06-01 10:11:14.548 [main] INFO  o.s.w.s.m.m.a.RequestMappingHandlerMapping - Mapped "{[/error],produces=[text/html]}" onto public org.springframework.web.servlet.ModelAndView org.springframework.boot.autoconfigure.web.BasicErrorController.errorHtml(javax.servlet.http.HttpServletRequest,javax.servlet.http.HttpServletResponse)
2017-06-01 10:11:14.636 [main] INFO  o.s.web.servlet.handler.SimpleUrlHandlerMapping - Mapped URL path [/mystatic/**] onto handler of type [class org.springframework.web.servlet.resource.ResourceHttpRequestHandler]
2017-06-01 10:11:14.636 [main] INFO  o.s.web.servlet.handler.SimpleUrlHandlerMapping - Mapped URL path [/webjars/**] onto handler of type [class org.springframework.web.servlet.resource.ResourceHttpRequestHandler]
2017-06-01 10:11:14.636 [main] INFO  o.s.web.servlet.handler.SimpleUrlHandlerMapping - Mapped URL path [/**] onto handler of type [class org.springframework.web.servlet.resource.ResourceHttpRequestHandler]
2017-06-01 10:11:14.660 [main] INFO  o.s.w.s.m.m.a.ExceptionHandlerExceptionResolver - Detected @ExceptionHandler methods in restExceptionHandler
2017-06-01 10:11:14.689 [main] INFO  o.s.web.servlet.handler.SimpleUrlHandlerMapping - Mapped URL path [/**/favicon.ico] onto handler of type [class org.springframework.web.servlet.resource.ResourceHttpRequestHandler]
2017-06-01 10:11:14.945 [main] WARN  o.s.b.s.r.RedisStarterDeprecationWarningAutoConfiguration - spring-boot-starter-redis is deprecated as of Spring Boot 1.4, please migrate to spring-boot-starter-data-redis
2017-06-01 10:11:14.999 [main] INFO  o.s.jmx.export.annotation.AnnotationMBeanExporter - Registering beans for JMX exposure on startup
2017-06-01 10:11:15.014 [main] INFO  org.apache.coyote.http11.Http11NioProtocol - Initializing ProtocolHandler ["http-nio-8080"]
2017-06-01 10:11:15.026 [main] INFO  org.apache.coyote.http11.Http11NioProtocol - Starting ProtocolHandler ["http-nio-8080"]
2017-06-01 10:11:15.035 [main] INFO  org.apache.tomcat.util.net.NioSelectorPool - Using a shared selector for servlet write/read
2017-06-01 10:11:15.056 [main] INFO  o.s.b.c.e.tomcat.TomcatEmbeddedServletContainer - Tomcat started on port(s): 8080 (http)
2017-06-01 10:11:15.061 [main] INFO  com.myspringboot.Application - Started Application in 7.256 seconds (JVM running for 7.724)
